Compiled jquery.js  (3ms)  (pid 5528)
Compiled jquery_ujs.js  (0ms)  (pid 5528)
Compiled products.js  (354ms)  (pid 5528)
Compiled application.js  (400ms)  (pid 5528)
Compiled products.css  (22ms)  (pid 5528)
Compiled scaffolds.css  (9ms)  (pid 5528)
Compiled application.css  (89ms)  (pid 5528)
Compiled jquery.js  (3ms)  (pid 3828)
Compiled jquery_ujs.js  (0ms)  (pid 3828)
Compiled products.js  (235ms)  (pid 3828)
Compiled application.js  (278ms)  (pid 3828)
Compiled products.css  (20ms)  (pid 3828)
Compiled scaffolds.css  (9ms)  (pid 3828)
Compiled application.css  (68ms)  (pid 3828)
Compiled jquery.js  (2ms)  (pid 6828)
Compiled jquery_ujs.js  (1ms)  (pid 6828)
Compiled products.js  (235ms)  (pid 6828)
Compiled application.js  (280ms)  (pid 6828)
Compiled products.css  (21ms)  (pid 6828)
Compiled scaffolds.css  (8ms)  (pid 6828)
Compiled application.css  (69ms)  (pid 6828)
Compiled jquery.js  (2ms)  (pid 592)
Compiled jquery_ujs.js  (1ms)  (pid 592)
Compiled products.js  (328ms)  (pid 592)
Compiled store.js  (191ms)  (pid 592)
Compiled application.js  (587ms)  (pid 592)
Compiled products.css  (6ms)  (pid 592)
Compiled scaffolds.css  (9ms)  (pid 592)
Compiled store.css  (8ms)  (pid 592)
Compiled application.css  (93ms)  (pid 592)
